[Thu Jun 19 21:59:32 2025] Pomodoro Timer Starting...
[Thu Jun 19 21:59:32 2025] Configuration loaded - work: 25min, break: 5min
[Thu Jun 19 21:59:32 2025] Starting work session for 25 minutes
[Thu Jun 19 22:01:34 2025] Pomodoro Timer Starting...
[Thu Jun 19 22:01:34 2025] Configuration loaded - work: 25min, break: 5min
[Thu Jun 19 22:01:34 2025] Starting work session for 25 minutes
[Thu Jun 19 22:07:49 2025] Pomodoro Timer Starting...
[Thu Jun 19 22:07:49 2025] Configuration loaded - work: 1min, break: 1min
[Thu Jun 19 22:07:49 2025] Starting work session for 1 minutes
[Thu Jun 19 22:08:49 2025] Work session completed - break time!
[Thu Jun 19 22:09:49 2025] Pomodoro Timer Starting...
[Thu Jun 19 22:09:49 2025] Configuration loaded - work: 1min, break: 1min
[Thu Jun 19 22:09:49 2025] Starting work session for 1 minutes
[Thu Jun 19 22:10:59 2025] Pomodoro Timer Starting...
[Thu Jun 19 22:10:59 2025] Configuration loaded - work: 1min, break: 1min
[Thu Jun 19 22:10:59 2025] Starting work session for 1 minutes
[Thu Jun 19 22:12:02 2025] Pomodoro Timer Starting...
[Thu Jun 19 22:12:02 2025] Configuration loaded - work: 1min, break: 1min
[Thu Jun 19 22:12:02 2025] Starting work session for 1 minutes
[Thu Jun 19 22:13:03 2025] Work session completed - break time!
[Thu Jun 19 22:14:03 2025] Break completed - back to work!
[Thu Jun 19 22:14:05 2025] Starting work session for 1 minutes
[Thu Jun 19 22:15:06 2025] Work session completed - break time!
[Thu Jun 19 22:20:14 2025] Pomodoro Timer Starting...
[Thu Jun 19 22:20:14 2025] Configuration loaded - work: 1min, break: 1min
[Thu Jun 19 22:20:14 2025] Starting work session for 1 minutes
[Thu Jun 19 22:21:30 2025] Work session completed - break time!
[Thu Jun 19 22:22:37 2025] Break completed - back to work!
[Thu Jun 19 22:22:39 2025] Starting work session for 1 minutes
[Thu Jun 19 22:23:44 2025] Pomodoro Timer Starting...
[Thu Jun 19 22:23:44 2025] Configuration loaded - work: 1min, break: 1min
[Thu Jun 19 22:23:44 2025] Starting work session for 1 minutes
[Thu Jun 19 22:26:43 2025] Pomodoro Timer Starting...
[Thu Jun 19 22:26:43 2025] Configuration loaded - work: 1min, break: 1min
[Thu Jun 19 22:26:43 2025] Starting work session for 1 minutes
[Thu Jun 19 22:28:03 2025] Pomodoro Timer Starting...
[Thu Jun 19 22:28:03 2025] Configuration loaded - work: 1min, break: 1min
[Thu Jun 19 22:28:03 2025] Starting work session for 1 minutes
[Thu Jun 19 22:32:48 2025] Pomodoro Timer Starting...
[Thu Jun 19 22:32:48 2025] Configuration loaded - work: 1min, break: 1min
[Thu Jun 19 22:32:48 2025] Starting work session for 1 minutes
[Thu Jun 19 22:36:08 2025] Pomodoro Timer Starting...
[Thu Jun 19 22:36:08 2025] Configuration loaded - work: 1min, break: 1min
[Thu Jun 19 22:36:08 2025] Starting work session for 1 minutes
[Thu Jun 19 22:54:22 2025] Pomodoro Timer Starting...
[Thu Jun 19 22:54:22 2025] Configuration loaded - work: 25min, break: 5min
[Thu Jun 19 22:54:22 2025] Starting work session for 25 minutes
[Thu Jun 19 22:54:36 2025] Pomodoro Timer Starting...
[Thu Jun 19 22:54:36 2025] Configuration loaded - work: 25min, break: 5min
[Thu Jun 19 22:54:36 2025] Starting work session for 25 minutes
[Thu Jun 19 22:55:27 2025] Pomodoro Timer Starting...
[Thu Jun 19 22:55:27 2025] Configuration loaded - work: 1min, break: 1min
[Thu Jun 19 22:55:27 2025] Starting work session for 1 minutes
[Thu Jun 19 22:55:48 2025] Pomodoro Timer Starting...
[Thu Jun 19 22:55:48 2025] Configuration loaded - work: 1min, break: 1min
[Thu Jun 19 22:55:48 2025] Starting work session for 1 minutes
[Thu Jun 19 22:55:56 2025] Pomodoro Timer Starting...
[Thu Jun 19 22:55:56 2025] Configuration loaded - work: 1min, break: 1min
[Thu Jun 19 22:55:56 2025] Starting work session for 1 minutes
[Thu Jun 19 22:57:12 2025] Pomodoro Timer Starting...
[Thu Jun 19 22:57:12 2025] Configuration loaded - work: 1min, break: 1min
[Thu Jun 19 22:57:12 2025] Starting work session for 1 minutes
[Thu Jun 19 22:57:29 2025] Pomodoro Timer Starting...
[Thu Jun 19 22:57:29 2025] Configuration loaded - work: 1min, break: 1min
[Thu Jun 19 22:57:29 2025] Starting work session for 1 minutes
[Thu Jun 19 22:57:37 2025] Pomodoro Timer Starting...
[Thu Jun 19 22:57:37 2025] Configuration loaded - work: 1min, break: 1min
[Thu Jun 19 22:57:37 2025] Starting work session for 1 minutes
[Thu Jun 19 22:58:12 2025] Pomodoro Timer Starting...
[Thu Jun 19 22:58:12 2025] Configuration loaded - work: 1min, break: 1min
[Thu Jun 19 22:58:12 2025] Starting work session for 1 minutes
[Thu Jun 19 22:58:24 2025] Pomodoro Timer Starting...
[Thu Jun 19 22:58:24 2025] Configuration loaded - work: 1min, break: 1min
[Thu Jun 19 22:58:24 2025] Starting work session for 1 minutes
[Thu Jun 19 22:58:32 2025] Pomodoro Timer Starting...
[Thu Jun 19 22:58:32 2025] Configuration loaded - work: 1min, break: 1min
[Thu Jun 19 22:58:32 2025] Starting work session for 1 minutes
[Thu Jun 19 22:58:45 2025] Pomodoro Timer Starting...
[Thu Jun 19 22:58:45 2025] Configuration loaded - work: 1min, break: 1min
[Thu Jun 19 22:58:45 2025] Starting work session for 1 minutes
[Thu Jun 19 22:58:55 2025] Pomodoro Timer Starting...
[Thu Jun 19 22:58:55 2025] Configuration loaded - work: 1min, break: 1min
[Thu Jun 19 22:58:55 2025] Starting work session for 1 minutes
[Thu Jun 19 22:59:07 2025] Pomodoro Timer Starting...
[Thu Jun 19 22:59:07 2025] Configuration loaded - work: 1min, break: 1min
[Thu Jun 19 22:59:07 2025] Starting work session for 1 minutes
[Thu Jun 19 23:13:50 2025] Pomodoro Timer Starting...
[Thu Jun 19 23:13:50 2025] Configuration loaded - work: 1min, break: 1min
[Thu Jun 19 23:13:50 2025] Starting work session for 1 minutes
[Thu Jun 19 23:22:31 2025] Pomodoro Timer Starting...
[Thu Jun 19 23:22:31 2025] Configuration loaded - work: 1min, break: 1min
[Thu Jun 19 23:22:31 2025] Starting work session for 1 minutes
[Thu Jun 19 23:23:35 2025] Break starting for 1 minutes
[Thu Jun 19 23:26:00 2025] Pomodoro Timer Starting...
[Thu Jun 19 23:26:00 2025] Configuration loaded - work: 1min, break: 1min
[Thu Jun 19 23:26:00 2025] Starting work session for 1 minutes
[Thu Jun 19 23:27:03 2025] Break starting for 1 minutes
[Thu Jun 19 23:28:08 2025] Pomodoro Timer Starting...
[Thu Jun 19 23:28:08 2025] Configuration loaded - work: 1min, break: 1min
[Thu Jun 19 23:28:08 2025] Starting work session for 1 minutes
[Thu Jun 19 23:29:12 2025] Break starting for 1 minutes
[Thu Jun 19 23:31:39 2025] Pomodoro Timer Starting...
[Thu Jun 19 23:31:39 2025] Configuration loaded - work: 1min, break: 1min
[Thu Jun 19 23:31:39 2025] Starting work session for 1 minutes
[Thu Jun 19 23:32:42 2025] Break starting for 1 minutes
[Thu Jun 19 23:34:16 2025] Pomodoro Timer Starting...
[Thu Jun 19 23:34:16 2025] Configuration loaded - work: 1min, break: 1min
[Thu Jun 19 23:34:16 2025] Starting work session for 1 minutes
[Thu Jun 19 23:35:19 2025] Break starting for 1 minutes
[Thu Jun 19 23:36:57 2025] Break completed - back to work!
[Thu Jun 19 23:37:02 2025] Starting work session for 1 minutes
[Thu Jun 19 23:39:19 2025] Pomodoro Timer Starting...
[Thu Jun 19 23:39:19 2025] Configuration loaded - work: 1min, break: 1min
[Thu Jun 19 23:39:19 2025] Starting work session for 1 minutes
[Thu Jun 19 23:40:22 2025] Break starting for 1 minutes
[Thu Jun 19 23:41:46 2025] Break completed - back to work!
[Thu Jun 19 23:41:50 2025] Starting work session for 1 minutes
[Thu Jun 19 23:42:53 2025] Long break starting for 2 minutes
[Thu Jun 19 23:44:08 2025] Long break completed - back to work!
[Thu Jun 19 23:44:12 2025] Starting work session for 1 minutes
[Thu Jun 19 23:45:15 2025] Break starting for 1 minutes
[Thu Jun 19 23:46:20 2025] Break completed - back to work!
[Thu Jun 19 23:46:24 2025] Starting work session for 1 minutes
[Thu Jun 19 23:46:42 2025] Pomodoro Timer Starting...
[Thu Jun 19 23:46:42 2025] Configuration loaded - work: 1min, break: 1min
[Thu Jun 19 23:46:42 2025] Starting work session for 1 minutes
[Thu Jun 19 23:46:58 2025] Pomodoro Timer Starting...
[Thu Jun 19 23:46:58 2025] Configuration loaded - work: 1min, break: 1min
[Thu Jun 19 23:46:58 2025] Starting work session for 1 minutes
[Thu Jun 19 23:48:01 2025] Break starting for 1 minutes
[Thu Jun 19 23:49:14 2025] Break completed - back to work!
[Thu Jun 19 23:49:18 2025] Starting work session for 1 minutes
[Thu Jun 19 23:50:21 2025] Long break starting for 2 minutes
[Thu Jun 19 23:51:35 2025] Long break completed - back to work!
[Thu Jun 19 23:51:39 2025] Starting work session for 1 minutes
[Fri Jun 20 13:03:33 2025] Pomodoro Timer Starting...
[Fri Jun 20 13:03:33 2025] Configuration loaded - work: 1min, break: 1min
[Fri Jun 20 13:03:33 2025] Starting work session for 1 minutes
[Fri Jun 20 13:03:57 2025] Pomodoro Timer Starting...
[Fri Jun 20 13:03:57 2025] Configuration loaded - work: 1min, break: 1min
[Fri Jun 20 13:03:57 2025] Starting work session for 1 minutes
[Fri Jun 20 13:07:03 2025] Pomodoro Timer Starting...
[Fri Jun 20 13:07:03 2025] Configuration loaded - work: 1min, break: 1min
[Fri Jun 20 13:07:03 2025] Starting work session for 1 minutes
[Fri Jun 20 13:07:29 2025] Pomodoro Timer Starting...
[Fri Jun 20 13:07:29 2025] Configuration loaded - work: 1min, break: 1min
[Fri Jun 20 13:07:29 2025] Starting work session for 1 minutes
[Fri Jun 20 13:08:45 2025] Pomodoro Timer Starting...
[Fri Jun 20 13:08:45 2025] Configuration loaded - work: 1min, break: 1min
[Fri Jun 20 13:08:45 2025] Starting work session for 1 minutes
[Fri Jun 20 13:09:04 2025] Pomodoro Timer Starting...
[Fri Jun 20 13:09:04 2025] Configuration loaded - work: 1min, break: 1min
[Fri Jun 20 13:09:04 2025] Starting work session for 1 minutes
[Fri Jun 20 13:10:07 2025] Break starting for 1 minutes
[Fri Jun 20 13:11:12 2025] Break completed - back to work!
[Fri Jun 20 13:11:17 2025] Starting work session for 1 minutes
[Fri Jun 20 13:11:24 2025] Pomodoro Timer Starting...
[Fri Jun 20 13:11:24 2025] Configuration loaded - work: 1min, break: 1min
[Fri Jun 20 13:11:24 2025] Starting work session for 1 minutes
[Fri Jun 20 13:12:25 2025] Break starting for 1 minutes
[Fri Jun 20 13:13:29 2025] Break completed - back to work!
[Fri Jun 20 13:13:31 2025] Starting work session for 1 minutes
